[0.952s] Invoking command in '/home/achadansori/project/rover_ws/src/rover_control': PYTHONPATH=/home/achadansori/project/rover_ws/build/rover_control/prefix_override:/usr/lib/python3/dist-packages/colcon_core/task/python/colcon_distutils_commands:/home/achadansori/project/rover_ws/install/rover_control/lib/python3.10/site-packages:${PYTHONPATH} /usr/bin/python3 -W ignore:setup.py install is deprecated -W ignore:easy_install command is deprecated setup.py egg_info --egg-base ../../build/rover_control build --build-base /home/achadansori/project/rover_ws/build/rover_control/build install --record /home/achadansori/project/rover_ws/build/rover_control/install.log --single-version-externally-managed install_data
[1.223s] running egg_info
[1.225s] creating ../../build/rover_control/rover_control.egg-info
[1.225s] writing ../../build/rover_control/rover_control.egg-info/PKG-INFO
[1.225s] writing dependency_links to ../../build/rover_control/rover_control.egg-info/dependency_links.txt
[1.225s] writing entry points to ../../build/rover_control/rover_control.egg-info/entry_points.txt
[1.225s] writing requirements to ../../build/rover_control/rover_control.egg-info/requires.txt
[1.225s] writing top-level names to ../../build/rover_control/rover_control.egg-info/top_level.txt
[1.226s] writing manifest file '../../build/rover_control/rover_control.egg-info/SOURCES.txt'
[1.228s] reading manifest file '../../build/rover_control/rover_control.egg-info/SOURCES.txt'
[1.228s] writing manifest file '../../build/rover_control/rover_control.egg-info/SOURCES.txt'
[1.228s] running build
[1.228s] running build_py
[1.228s] creating /home/achadansori/project/rover_ws/build/rover_control/build
[1.228s] creating /home/achadansori/project/rover_ws/build/rover_control/build/lib
[1.229s] creating /home/achadansori/project/rover_ws/build/rover_control/build/lib/rover_control
[1.229s] copying rover_control/__init__.py -> /home/achadansori/project/rover_ws/build/rover_control/build/lib/rover_control
[1.229s] copying rover_control/joystick_teleop.py -> /home/achadansori/project/rover_ws/build/rover_control/build/lib/rover_control
[1.229s] running install
[1.229s] running install_lib
[1.230s] creating /home/achadansori/project/rover_ws/install/rover_control/lib/python3.10/site-packages/rover_control
[1.230s] copying /home/achadansori/project/rover_ws/build/rover_control/build/lib/rover_control/__init__.py -> /home/achadansori/project/rover_ws/install/rover_control/lib/python3.10/site-packages/rover_control
[1.230s] copying /home/achadansori/project/rover_ws/build/rover_control/build/lib/rover_control/joystick_teleop.py -> /home/achadansori/project/rover_ws/install/rover_control/lib/python3.10/site-packages/rover_control
[1.230s] byte-compiling /home/achadansori/project/rover_ws/install/rover_control/lib/python3.10/site-packages/rover_control/__init__.py to __init__.cpython-310.pyc
[1.230s] byte-compiling /home/achadansori/project/rover_ws/install/rover_control/lib/python3.10/site-packages/rover_control/joystick_teleop.py to joystick_teleop.cpython-310.pyc
[1.231s] running install_data
[1.231s] creating /home/achadansori/project/rover_ws/install/rover_control/share/ament_index
[1.231s] creating /home/achadansori/project/rover_ws/install/rover_control/share/ament_index/resource_index
[1.231s] creating /home/achadansori/project/rover_ws/install/rover_control/share/ament_index/resource_index/packages
[1.232s] copying resource/rover_control -> /home/achadansori/project/rover_ws/install/rover_control/share/ament_index/resource_index/packages
[1.232s] copying package.xml -> /home/achadansori/project/rover_ws/install/rover_control/share/rover_control
[1.232s] creating /home/achadansori/project/rover_ws/install/rover_control/share/rover_control/launch
[1.232s] copying launch/teleop.launch.py -> /home/achadansori/project/rover_ws/install/rover_control/share/rover_control/launch
[1.232s] creating /home/achadansori/project/rover_ws/install/rover_control/share/rover_control/config
[1.232s] copying config/joystick_params.yaml -> /home/achadansori/project/rover_ws/install/rover_control/share/rover_control/config
[1.232s] running install_egg_info
[1.235s] Copying ../../build/rover_control/rover_control.egg-info to /home/achadansori/project/rover_ws/install/rover_control/lib/python3.10/site-packages/rover_control-0.0.1-py3.10.egg-info
[1.236s] running install_scripts
[1.256s] Installing joystick_teleop script to /home/achadansori/project/rover_ws/install/rover_control/lib/rover_control
[1.257s] writing list of installed files to '/home/achadansori/project/rover_ws/build/rover_control/install.log'
[1.282s] Invoked command in '/home/achadansori/project/rover_ws/src/rover_control' returned '0': PYTHONPATH=/home/achadansori/project/rover_ws/build/rover_control/prefix_override:/usr/lib/python3/dist-packages/colcon_core/task/python/colcon_distutils_commands:/home/achadansori/project/rover_ws/install/rover_control/lib/python3.10/site-packages:${PYTHONPATH} /usr/bin/python3 -W ignore:setup.py install is deprecated -W ignore:easy_install command is deprecated setup.py egg_info --egg-base ../../build/rover_control build --build-base /home/achadansori/project/rover_ws/build/rover_control/build install --record /home/achadansori/project/rover_ws/build/rover_control/install.log --single-version-externally-managed install_data
